01:17:58.066 [main] INFO  testCases.TC_001_AccountRegistrationTest - ***  Starting TC_001_AccountRegistrationTest ***
01:17:58.150 [main] INFO  testCases.TC_001_AccountRegistrationTest - Clicked on My account link
01:17:58.498 [main] INFO  testCases.TC_001_AccountRegistrationTest - Clicked on register link
01:17:58.500 [main] INFO  testCases.TC_001_AccountRegistrationTest - Providing customer data
01:18:01.447 [main] INFO  testCases.TC_001_AccountRegistrationTest - Clicked on continue
01:18:01.492 [main] INFO  testCases.TC_001_AccountRegistrationTest - Validating expected message
01:18:01.492 [main] INFO  testCases.TC_001_AccountRegistrationTest - ***  Finished TC_001_AccountRegistrationTest ***
20:46:19.366 [main] INFO  testCases.TC_001_AccountRegistrationTest - ***  Starting TC_001_AccountRegistrationTest ***
20:46:19.443 [main] INFO  testCases.TC_001_AccountRegistrationTest - Clicked on My account link
20:46:20.063 [main] INFO  testCases.TC_001_AccountRegistrationTest - Clicked on register link
20:46:20.066 [main] INFO  testCases.TC_001_AccountRegistrationTest - Providing customer data
20:46:23.133 [main] INFO  testCases.TC_001_AccountRegistrationTest - Clicked on continue
20:46:23.166 [main] INFO  testCases.TC_001_AccountRegistrationTest - Validating expected message
20:46:23.169 [main] INFO  testCases.TC_001_AccountRegistrationTest - ***  Finished TC_001_AccountRegistrationTest ***
21:00:33.485 [main] INFO  testCases.TC_001_AccountRegistrationTest - ***  Starting TC_001_AccountRegistrationTest ***
21:00:33.658 [main] INFO  testCases.TC_001_AccountRegistrationTest - Clicked on My account link
21:00:34.928 [main] INFO  testCases.TC_001_AccountRegistrationTest - Clicked on register link
21:00:34.930 [main] INFO  testCases.TC_001_AccountRegistrationTest - Providing customer data
21:00:38.780 [main] INFO  testCases.TC_001_AccountRegistrationTest - Clicked on continue
21:00:38.814 [main] INFO  testCases.TC_001_AccountRegistrationTest - Validating expected message
21:00:38.816 [main] INFO  testCases.TC_001_AccountRegistrationTest - ***  Finished TC_001_AccountRegistrationTest ***
09:56:06.216 [main] INFO  testCases.TC_001_AccountRegistrationTest - ***  Starting TC_001_AccountRegistrationTest ***
09:56:06.436 [main] INFO  testCases.TC_001_AccountRegistrationTest - Clicked on My account link
09:56:07.883 [main] INFO  testCases.TC_001_AccountRegistrationTest - Clicked on register link
09:56:07.887 [main] INFO  testCases.TC_001_AccountRegistrationTest - Providing customer data
09:56:12.066 [main] INFO  testCases.TC_001_AccountRegistrationTest - Clicked on continue
09:56:12.105 [main] INFO  testCases.TC_001_AccountRegistrationTest - Validating expected message
09:56:12.107 [main] INFO  testCases.TC_001_AccountRegistrationTest - ***  Finished TC_001_AccountRegistrationTest ***
10:07:13.317 [TestNG-tests-2] INFO  testCases.TC_001_AccountRegistrationTest - ***  Starting TC_001_AccountRegistrationTest ***
10:07:13.445 [TestNG-tests-2] INFO  testCases.TC_001_AccountRegistrationTest - Clicked on My account link
10:07:13.473 [TestNG-tests-1] INFO  testCases.TC_001_AccountRegistrationTest - ***  Starting TC_001_AccountRegistrationTest ***
10:07:13.656 [TestNG-tests-1] INFO  testCases.TC_001_AccountRegistrationTest - Clicked on My account link
10:07:14.617 [TestNG-tests-2] INFO  testCases.TC_001_AccountRegistrationTest - Clicked on register link
10:07:14.617 [TestNG-tests-1] INFO  testCases.TC_001_AccountRegistrationTest - Clicked on register link
10:07:14.627 [TestNG-tests-1] INFO  testCases.TC_001_AccountRegistrationTest - Providing customer data
10:07:14.628 [TestNG-tests-2] INFO  testCases.TC_001_AccountRegistrationTest - Providing customer data
10:07:19.319 [TestNG-tests-1] INFO  testCases.TC_001_AccountRegistrationTest - Clicked on continue
10:07:19.337 [TestNG-tests-2] INFO  testCases.TC_001_AccountRegistrationTest - Clicked on continue
10:07:19.373 [TestNG-tests-1] INFO  testCases.TC_001_AccountRegistrationTest - Validating expected message
10:07:19.375 [TestNG-tests-1] INFO  testCases.TC_001_AccountRegistrationTest - ***  Finished TC_001_AccountRegistrationTest ***
10:07:19.390 [TestNG-tests-2] INFO  testCases.TC_001_AccountRegistrationTest - Validating expected message
10:07:19.390 [TestNG-tests-2] INFO  testCases.TC_001_AccountRegistrationTest - ***  Finished TC_001_AccountRegistrationTest ***
14:42:01.700 [TestNG-tests-2] INFO  testCases.TC_001_AccountRegistrationTest - ***  Starting TC_001_AccountRegistrationTest ***
14:42:01.754 [TestNG-tests-1] INFO  testCases.TC_001_AccountRegistrationTest - ***  Starting TC_001_AccountRegistrationTest ***
14:42:02.040 [TestNG-tests-1] INFO  testCases.TC_001_AccountRegistrationTest - Clicked on My account link
14:42:02.199 [TestNG-tests-2] INFO  testCases.TC_001_AccountRegistrationTest - Clicked on My account link
14:42:03.961 [TestNG-tests-1] INFO  testCases.TC_001_AccountRegistrationTest - Clicked on register link
14:42:03.961 [TestNG-tests-1] INFO  testCases.TC_001_AccountRegistrationTest - Providing customer data
14:42:04.051 [TestNG-tests-2] INFO  testCases.TC_001_AccountRegistrationTest - Clicked on register link
14:42:04.054 [TestNG-tests-2] INFO  testCases.TC_001_AccountRegistrationTest - Providing customer data
14:42:08.874 [TestNG-tests-1] INFO  testCases.TC_001_AccountRegistrationTest - Clicked on continue
14:42:08.910 [TestNG-tests-2] INFO  testCases.TC_001_AccountRegistrationTest - Clicked on continue
14:42:08.955 [TestNG-tests-1] INFO  testCases.TC_001_AccountRegistrationTest - Validating expected message
14:42:08.959 [TestNG-tests-1] INFO  testCases.TC_001_AccountRegistrationTest - ***  Finished TC_001_AccountRegistrationTest ***
14:42:09.050 [TestNG-tests-2] INFO  testCases.TC_001_AccountRegistrationTest - Validating expected message
14:42:09.050 [TestNG-tests-2] INFO  testCases.TC_001_AccountRegistrationTest - ***  Finished TC_001_AccountRegistrationTest ***
14:44:20.174 [TestNG-tests-1] INFO  testCases.TC_001_AccountRegistrationTest - ***  Starting TC_001_AccountRegistrationTest ***
14:44:20.174 [TestNG-tests-2] INFO  testCases.TC_001_AccountRegistrationTest - ***  Starting TC_001_AccountRegistrationTest ***
14:44:20.277 [TestNG-tests-1] INFO  testCases.TC_001_AccountRegistrationTest - Clicked on My account link
14:44:20.286 [TestNG-tests-2] INFO  testCases.TC_001_AccountRegistrationTest - Clicked on My account link
14:44:21.066 [TestNG-tests-1] INFO  testCases.TC_001_AccountRegistrationTest - Clicked on register link
14:44:21.069 [TestNG-tests-1] INFO  testCases.TC_001_AccountRegistrationTest - Providing customer data
14:44:21.079 [TestNG-tests-2] INFO  testCases.TC_001_AccountRegistrationTest - Clicked on register link
14:44:21.085 [TestNG-tests-2] INFO  testCases.TC_001_AccountRegistrationTest - Providing customer data
14:44:24.584 [TestNG-tests-1] INFO  testCases.TC_001_AccountRegistrationTest - Clicked on continue
14:44:24.587 [TestNG-tests-2] INFO  testCases.TC_001_AccountRegistrationTest - Clicked on continue
14:44:24.635 [TestNG-tests-1] INFO  testCases.TC_001_AccountRegistrationTest - Validating expected message
14:44:24.636 [TestNG-tests-2] INFO  testCases.TC_001_AccountRegistrationTest - Validating expected message
14:44:24.636 [TestNG-tests-1] INFO  testCases.TC_001_AccountRegistrationTest - ***  Finished TC_001_AccountRegistrationTest ***
14:44:24.636 [TestNG-tests-2] INFO  testCases.TC_001_AccountRegistrationTest - ***  Finished TC_001_AccountRegistrationTest ***
14:51:55.873 [main] INFO  testCases.TC_001_AccountRegistrationTest - ***  Starting TC_001_AccountRegistrationTest ***
14:51:55.963 [main] INFO  testCases.TC_001_AccountRegistrationTest - Clicked on My account link
14:51:56.302 [main] INFO  testCases.TC_001_AccountRegistrationTest - Clicked on register link
14:51:56.304 [main] INFO  testCases.TC_001_AccountRegistrationTest - Providing customer data
14:51:59.162 [main] INFO  testCases.TC_001_AccountRegistrationTest - Clicked on continue
14:51:59.196 [main] INFO  testCases.TC_001_AccountRegistrationTest - Validating expected message
14:51:59.200 [main] INFO  testCases.TC_001_AccountRegistrationTest - ***  Finished TC_001_AccountRegistrationTest ***
15:12:20.043 [main] INFO  testCases.TC_001_AccountRegistrationTest - ***  Starting TC_001_AccountRegistrationTest ***
15:12:20.185 [main] INFO  testCases.TC_001_AccountRegistrationTest - Clicked on My account link
15:12:21.756 [main] INFO  testCases.TC_001_AccountRegistrationTest - Clicked on register link
15:12:21.760 [main] INFO  testCases.TC_001_AccountRegistrationTest - Providing customer data
15:12:26.009 [main] INFO  testCases.TC_001_AccountRegistrationTest - Clicked on continue
15:12:26.077 [main] INFO  testCases.TC_001_AccountRegistrationTest - Validating expected message
15:12:26.083 [main] INFO  testCases.TC_001_AccountRegistrationTest - ***  Finished TC_001_AccountRegistrationTest ***
15:13:40.086 [main] INFO  testCases.TC_001_AccountRegistrationTest - ***  Starting TC_001_AccountRegistrationTest ***
15:13:40.216 [main] INFO  testCases.TC_001_AccountRegistrationTest - Clicked on My account link
15:13:40.886 [main] INFO  testCases.TC_001_AccountRegistrationTest - Clicked on register link
15:13:40.889 [main] INFO  testCases.TC_001_AccountRegistrationTest - Providing customer data
15:13:44.469 [main] INFO  testCases.TC_001_AccountRegistrationTest - Clicked on continue
15:13:44.509 [main] INFO  testCases.TC_001_AccountRegistrationTest - Validating expected message
15:13:44.511 [main] INFO  testCases.TC_001_AccountRegistrationTest - ***  Finished TC_001_AccountRegistrationTest ***
15:14:56.778 [main] INFO  testCases.TC_001_AccountRegistrationTest - ***  Starting TC_001_AccountRegistrationTest ***
15:14:56.855 [main] INFO  testCases.TC_001_AccountRegistrationTest - Clicked on My account link
15:14:56.855 [main] INFO  testCases.TC_001_AccountRegistrationTest - Clicked on register link
15:14:56.856 [main] INFO  testCases.TC_001_AccountRegistrationTest - Providing customer data
15:15:06.889 [main] ERROR testCases.TC_001_AccountRegistrationTest - test failed
16:09:52.790 [main] INFO  testCases.TC_001_AccountRegistrationTest - ***  Starting TC_001_AccountRegistrationTest ***
16:09:52.961 [main] INFO  testCases.TC_001_AccountRegistrationTest - Clicked on My account link
16:09:54.058 [main] INFO  testCases.TC_001_AccountRegistrationTest - Clicked on register link
16:09:54.061 [main] INFO  testCases.TC_001_AccountRegistrationTest - Providing customer data
16:09:57.834 [main] INFO  testCases.TC_001_AccountRegistrationTest - Clicked on continue
16:09:57.884 [main] INFO  testCases.TC_001_AccountRegistrationTest - Validating expected message
16:09:57.889 [main] INFO  testCases.TC_001_AccountRegistrationTest - ***  Finished TC_001_AccountRegistrationTest ***
16:10:03.702 [main] INFO  testCases.TC_002_LoginTest - ***  Starting TC_002_LoginTest ***
16:10:03.805 [main] INFO  testCases.TC_002_LoginTest - ****Clicked on My account link****
16:10:04.480 [main] INFO  testCases.TC_002_LoginTest - ****Clicked on Login Link*****
16:10:05.655 [main] INFO  testCases.TC_002_LoginTest - *********Finished TC_002**********
18:37:28.786 [main] INFO  testCases.TC_003_LoginDataDrivenTest -  Starting TC_003_LoginDataDrivenTest 
18:37:40.680 [main] INFO  testCases.TC_003_LoginDataDrivenTest -  Finished TC_003_LoginDataDrivenTest
18:37:40.715 [main] INFO  testCases.TC_003_LoginDataDrivenTest -  Starting TC_003_LoginDataDrivenTest 
18:37:51.838 [main] INFO  testCases.TC_003_LoginDataDrivenTest -  Finished TC_003_LoginDataDrivenTest
18:37:51.841 [main] INFO  testCases.TC_003_LoginDataDrivenTest -  Starting TC_003_LoginDataDrivenTest 
18:38:02.750 [main] INFO  testCases.TC_003_LoginDataDrivenTest -  Finished TC_003_LoginDataDrivenTest
18:38:02.753 [main] INFO  testCases.TC_003_LoginDataDrivenTest -  Starting TC_003_LoginDataDrivenTest 
18:38:13.728 [main] INFO  testCases.TC_003_LoginDataDrivenTest -  Finished TC_003_LoginDataDrivenTest
18:38:13.733 [main] INFO  testCases.TC_003_LoginDataDrivenTest -  Starting TC_003_LoginDataDrivenTest 
18:42:08.020 [main] INFO  testCases.TC_003_LoginDataDrivenTest -  Starting TC_003_LoginDataDrivenTest 
18:42:19.217 [main] INFO  testCases.TC_003_LoginDataDrivenTest -  Finished TC_003_LoginDataDrivenTest
18:42:19.250 [main] INFO  testCases.TC_003_LoginDataDrivenTest -  Starting TC_003_LoginDataDrivenTest 
18:42:30.145 [main] INFO  testCases.TC_003_LoginDataDrivenTest -  Finished TC_003_LoginDataDrivenTest
18:42:30.145 [main] INFO  testCases.TC_003_LoginDataDrivenTest -  Starting TC_003_LoginDataDrivenTest 
18:42:41.103 [main] INFO  testCases.TC_003_LoginDataDrivenTest -  Finished TC_003_LoginDataDrivenTest
18:42:41.107 [main] INFO  testCases.TC_003_LoginDataDrivenTest -  Starting TC_003_LoginDataDrivenTest 
18:42:51.980 [main] INFO  testCases.TC_003_LoginDataDrivenTest -  Finished TC_003_LoginDataDrivenTest
18:42:51.982 [main] INFO  testCases.TC_003_LoginDataDrivenTest -  Starting TC_003_LoginDataDrivenTest 
18:42:53.537 [main] INFO  testCases.TC_003_LoginDataDrivenTest -  Finished TC_003_LoginDataDrivenTest
14:42:26.116 [main] INFO  testCases.TC_001_AccountRegistrationTest - ***  Starting TC_001_AccountRegistrationTest ***
14:42:26.198 [main] INFO  testCases.TC_001_AccountRegistrationTest - Clicked on My account link
14:42:26.730 [main] INFO  testCases.TC_001_AccountRegistrationTest - Clicked on register link
14:42:26.731 [main] INFO  testCases.TC_001_AccountRegistrationTest - Providing customer data
14:42:29.819 [main] INFO  testCases.TC_001_AccountRegistrationTest - Clicked on continue
14:42:29.873 [main] INFO  testCases.TC_001_AccountRegistrationTest - Validating expected message
14:42:29.873 [main] INFO  testCases.TC_001_AccountRegistrationTest - ***  Finished TC_001_AccountRegistrationTest ***
14:42:33.141 [main] INFO  testCases.TC_002_LoginTest - ***  Starting TC_002_LoginTest ***
14:42:33.237 [main] INFO  testCases.TC_002_LoginTest - ****Clicked on My account link****
14:42:33.856 [main] INFO  testCases.TC_002_LoginTest - ****Clicked on Login Link*****
14:42:35.289 [main] INFO  testCases.TC_002_LoginTest - *********Finished TC_002**********
14:43:53.527 [main] INFO  testCases.TC_001_AccountRegistrationTest - ***  Starting TC_001_AccountRegistrationTest ***
14:43:53.605 [main] INFO  testCases.TC_001_AccountRegistrationTest - Clicked on My account link
14:43:53.606 [main] INFO  testCases.TC_001_AccountRegistrationTest - Clicked on register link
14:43:53.607 [main] INFO  testCases.TC_001_AccountRegistrationTest - Providing customer data
14:44:03.694 [main] ERROR testCases.TC_001_AccountRegistrationTest - test failed
14:44:07.957 [main] INFO  testCases.TC_002_LoginTest - ***  Starting TC_002_LoginTest ***
14:44:08.024 [main] INFO  testCases.TC_002_LoginTest - ****Clicked on My account link****
14:44:08.276 [main] INFO  testCases.TC_002_LoginTest - ****Clicked on Login Link*****
14:44:09.119 [main] INFO  testCases.TC_002_LoginTest - *********Finished TC_002**********
14:44:50.065 [main] INFO  testCases.TC_001_AccountRegistrationTest - ***  Starting TC_001_AccountRegistrationTest ***
14:44:50.150 [main] INFO  testCases.TC_001_AccountRegistrationTest - Clicked on My account link
14:44:50.530 [main] INFO  testCases.TC_001_AccountRegistrationTest - Clicked on register link
14:44:50.531 [main] INFO  testCases.TC_001_AccountRegistrationTest - Providing customer data
14:44:53.531 [main] INFO  testCases.TC_001_AccountRegistrationTest - Clicked on continue
14:44:53.573 [main] INFO  testCases.TC_001_AccountRegistrationTest - Validating expected message
14:44:53.575 [main] INFO  testCases.TC_001_AccountRegistrationTest - ***  Finished TC_001_AccountRegistrationTest ***
14:46:24.604 [main] INFO  testCases.TC_001_AccountRegistrationTest - ***  Starting TC_001_AccountRegistrationTest ***
14:46:24.734 [main] INFO  testCases.TC_001_AccountRegistrationTest - Clicked on My account link
14:46:25.067 [main] INFO  testCases.TC_001_AccountRegistrationTest - Clicked on register link
14:46:25.068 [main] INFO  testCases.TC_001_AccountRegistrationTest - Providing customer data
14:46:28.067 [main] INFO  testCases.TC_001_AccountRegistrationTest - Clicked on continue
14:46:28.126 [main] INFO  testCases.TC_001_AccountRegistrationTest - Validating expected message
14:46:28.131 [main] INFO  testCases.TC_001_AccountRegistrationTest - ***  Finished TC_001_AccountRegistrationTest ***
14:46:32.042 [main] INFO  testCases.TC_002_LoginTest - ***  Starting TC_002_LoginTest ***
14:46:32.114 [main] INFO  testCases.TC_002_LoginTest - ****Clicked on My account link****
14:46:32.114 [main] INFO  testCases.TC_002_LoginTest - ****Clicked on Login Link*****
15:05:53.965 [main] INFO  testCases.TC_003_LoginDataDrivenTest -  Starting TC_003_LoginDataDrivenTest 
15:06:06.025 [main] INFO  testCases.TC_003_LoginDataDrivenTest -  Finished TC_003_LoginDataDrivenTest
15:06:06.053 [main] INFO  testCases.TC_003_LoginDataDrivenTest -  Starting TC_003_LoginDataDrivenTest 
15:06:16.666 [main] INFO  testCases.TC_003_LoginDataDrivenTest -  Finished TC_003_LoginDataDrivenTest
15:06:16.666 [main] INFO  testCases.TC_003_LoginDataDrivenTest -  Starting TC_003_LoginDataDrivenTest 
15:06:27.339 [main] INFO  testCases.TC_003_LoginDataDrivenTest -  Finished TC_003_LoginDataDrivenTest
15:06:27.340 [main] INFO  testCases.TC_003_LoginDataDrivenTest -  Starting TC_003_LoginDataDrivenTest 
15:06:38.006 [main] INFO  testCases.TC_003_LoginDataDrivenTest -  Finished TC_003_LoginDataDrivenTest
15:06:38.007 [main] INFO  testCases.TC_003_LoginDataDrivenTest -  Starting TC_003_LoginDataDrivenTest 
15:06:39.183 [main] INFO  testCases.TC_003_LoginDataDrivenTest -  Finished TC_003_LoginDataDrivenTest
15:08:07.004 [main] INFO  testCases.TC_001_AccountRegistrationTest - ***  Starting TC_001_AccountRegistrationTest ***
15:08:07.090 [main] INFO  testCases.TC_001_AccountRegistrationTest - Clicked on My account link
15:08:07.590 [main] INFO  testCases.TC_001_AccountRegistrationTest - Clicked on register link
15:08:07.592 [main] INFO  testCases.TC_001_AccountRegistrationTest - Providing customer data
15:08:10.512 [main] INFO  testCases.TC_001_AccountRegistrationTest - Clicked on continue
15:08:10.547 [main] INFO  testCases.TC_001_AccountRegistrationTest - Validating expected message
15:08:10.549 [main] INFO  testCases.TC_001_AccountRegistrationTest - ***  Finished TC_001_AccountRegistrationTest ***
15:08:15.517 [main] INFO  testCases.TC_002_LoginTest - ***  Starting TC_002_LoginTest ***
15:08:15.601 [main] INFO  testCases.TC_002_LoginTest - ****Clicked on My account link****
15:08:15.961 [main] INFO  testCases.TC_002_LoginTest - ****Clicked on Login Link*****
15:08:17.362 [main] INFO  testCases.TC_002_LoginTest - *********Finished TC_002**********
15:30:53.165 [main] INFO  testCases.TC_001_AccountRegistrationTest - ***  Starting TC_001_AccountRegistrationTest ***
15:30:53.316 [main] INFO  testCases.TC_001_AccountRegistrationTest - Clicked on My account link
15:30:54.459 [main] INFO  testCases.TC_001_AccountRegistrationTest - Clicked on register link
15:30:54.459 [main] INFO  testCases.TC_001_AccountRegistrationTest - Providing customer data
15:30:58.116 [main] INFO  testCases.TC_001_AccountRegistrationTest - Clicked on continue
15:30:58.154 [main] INFO  testCases.TC_001_AccountRegistrationTest - Validating expected message
15:30:58.156 [main] INFO  testCases.TC_001_AccountRegistrationTest - ***  Finished TC_001_AccountRegistrationTest ***
15:31:02.919 [main] INFO  testCases.TC_002_LoginTest - ***  Starting TC_002_LoginTest ***
15:31:02.995 [main] INFO  testCases.TC_002_LoginTest - ****Clicked on My account link****
15:31:03.472 [main] INFO  testCases.TC_002_LoginTest - ****Clicked on Login Link*****
15:31:05.000 [main] INFO  testCases.TC_002_LoginTest - *********Finished TC_002**********
15:38:33.644 [main] INFO  testCases.TC_001_AccountRegistrationTest - ***  Starting TC_001_AccountRegistrationTest ***
15:38:33.780 [main] INFO  testCases.TC_001_AccountRegistrationTest - Clicked on My account link
15:38:34.903 [main] INFO  testCases.TC_001_AccountRegistrationTest - Clicked on register link
15:38:34.909 [main] INFO  testCases.TC_001_AccountRegistrationTest - Providing customer data
15:38:38.635 [main] INFO  testCases.TC_001_AccountRegistrationTest - Clicked on continue
15:38:38.671 [main] INFO  testCases.TC_001_AccountRegistrationTest - Validating expected message
15:38:38.674 [main] INFO  testCases.TC_001_AccountRegistrationTest - ***  Finished TC_001_AccountRegistrationTest ***
15:38:43.712 [main] INFO  testCases.TC_002_LoginTest - ***  Starting TC_002_LoginTest ***
15:38:43.824 [main] INFO  testCases.TC_002_LoginTest - ****Clicked on My account link****
15:38:44.392 [main] INFO  testCases.TC_002_LoginTest - ****Clicked on Login Link*****
15:38:46.280 [main] INFO  testCases.TC_002_LoginTest - *********Finished TC_002**********
15:48:05.507 [main] INFO  testCases.TC_001_AccountRegistrationTest - ***  Starting TC_001_AccountRegistrationTest ***
15:48:05.634 [main] INFO  testCases.TC_001_AccountRegistrationTest - Clicked on My account link
15:48:06.637 [main] INFO  testCases.TC_001_AccountRegistrationTest - Clicked on register link
15:48:06.641 [main] INFO  testCases.TC_001_AccountRegistrationTest - Providing customer data
15:48:10.232 [main] INFO  testCases.TC_001_AccountRegistrationTest - Clicked on continue
15:48:10.266 [main] INFO  testCases.TC_001_AccountRegistrationTest - Validating expected message
15:48:10.268 [main] INFO  testCases.TC_001_AccountRegistrationTest - ***  Finished TC_001_AccountRegistrationTest ***
15:48:14.968 [main] INFO  testCases.TC_002_LoginTest - ***  Starting TC_002_LoginTest ***
15:48:15.055 [main] INFO  testCases.TC_002_LoginTest - ****Clicked on My account link****
15:48:15.622 [main] INFO  testCases.TC_002_LoginTest - ****Clicked on Login Link*****
15:48:16.926 [main] INFO  testCases.TC_002_LoginTest - *********Finished TC_002**********
15:54:22.546 [main] INFO  testCases.TC_001_AccountRegistrationTest - ***  Starting TC_001_AccountRegistrationTest ***
15:54:22.760 [main] INFO  testCases.TC_001_AccountRegistrationTest - Clicked on My account link
15:54:23.458 [main] INFO  testCases.TC_001_AccountRegistrationTest - Clicked on register link
15:54:23.462 [main] INFO  testCases.TC_001_AccountRegistrationTest - Providing customer data
15:54:27.250 [main] INFO  testCases.TC_001_AccountRegistrationTest - Clicked on continue
15:54:27.337 [main] INFO  testCases.TC_001_AccountRegistrationTest - Validating expected message
15:54:27.347 [main] INFO  testCases.TC_001_AccountRegistrationTest - ***  Finished TC_001_AccountRegistrationTest ***
15:54:32.951 [main] INFO  testCases.TC_002_LoginTest - ***  Starting TC_002_LoginTest ***
15:54:33.119 [main] INFO  testCases.TC_002_LoginTest - ****Clicked on My account link****
15:54:34.033 [main] INFO  testCases.TC_002_LoginTest - ****Clicked on Login Link*****
15:54:36.373 [main] INFO  testCases.TC_002_LoginTest - *********Finished TC_002**********
16:02:10.169 [main] INFO  testCases.TC_001_AccountRegistrationTest - ***  Starting TC_001_AccountRegistrationTest ***
16:02:10.324 [main] INFO  testCases.TC_001_AccountRegistrationTest - Clicked on My account link
16:02:10.872 [main] INFO  testCases.TC_001_AccountRegistrationTest - Clicked on register link
16:02:10.880 [main] INFO  testCases.TC_001_AccountRegistrationTest - Providing customer data
16:02:14.565 [main] INFO  testCases.TC_001_AccountRegistrationTest - Clicked on continue
16:02:14.624 [main] INFO  testCases.TC_001_AccountRegistrationTest - Validating expected message
16:02:14.626 [main] INFO  testCases.TC_001_AccountRegistrationTest - ***  Finished TC_001_AccountRegistrationTest ***
16:02:20.014 [main] INFO  testCases.TC_002_LoginTest - ***  Starting TC_002_LoginTest ***
16:02:20.150 [main] INFO  testCases.TC_002_LoginTest - ****Clicked on My account link****
16:02:20.751 [main] INFO  testCases.TC_002_LoginTest - ****Clicked on Login Link*****
16:02:22.412 [main] INFO  testCases.TC_002_LoginTest - *********Finished TC_002**********
16:13:14.023 [main] INFO  testCases.TC_001_AccountRegistrationTest - ***  Starting TC_001_AccountRegistrationTest ***
16:13:14.177 [main] INFO  testCases.TC_001_AccountRegistrationTest - Clicked on My account link
16:13:15.413 [main] INFO  testCases.TC_001_AccountRegistrationTest - Clicked on register link
16:13:15.416 [main] INFO  testCases.TC_001_AccountRegistrationTest - Providing customer data
16:13:19.271 [main] INFO  testCases.TC_001_AccountRegistrationTest - Clicked on continue
16:13:19.314 [main] INFO  testCases.TC_001_AccountRegistrationTest - Validating expected message
16:13:19.318 [main] INFO  testCases.TC_001_AccountRegistrationTest - ***  Finished TC_001_AccountRegistrationTest ***
16:13:24.528 [main] INFO  testCases.TC_002_LoginTest - ***  Starting TC_002_LoginTest ***
16:13:24.614 [main] INFO  testCases.TC_002_LoginTest - ****Clicked on My account link****
16:13:25.109 [main] INFO  testCases.TC_002_LoginTest - ****Clicked on Login Link*****
16:13:26.605 [main] INFO  testCases.TC_002_LoginTest - *********Finished TC_002**********
16:13:55.914 [main] INFO  testCases.TC_001_AccountRegistrationTest - ***  Starting TC_001_AccountRegistrationTest ***
16:13:56.063 [main] INFO  testCases.TC_001_AccountRegistrationTest - Clicked on My account link
16:13:56.699 [main] INFO  testCases.TC_001_AccountRegistrationTest - Clicked on register link
16:13:56.702 [main] INFO  testCases.TC_001_AccountRegistrationTest - Providing customer data
16:14:00.250 [main] INFO  testCases.TC_001_AccountRegistrationTest - Clicked on continue
16:14:00.285 [main] INFO  testCases.TC_001_AccountRegistrationTest - Validating expected message
16:14:00.287 [main] INFO  testCases.TC_001_AccountRegistrationTest - ***  Finished TC_001_AccountRegistrationTest ***
16:14:05.092 [main] INFO  testCases.TC_002_LoginTest - ***  Starting TC_002_LoginTest ***
16:14:05.177 [main] INFO  testCases.TC_002_LoginTest - ****Clicked on My account link****
16:14:05.597 [main] INFO  testCases.TC_002_LoginTest - ****Clicked on Login Link*****
16:14:06.984 [main] INFO  testCases.TC_002_LoginTest - *********Finished TC_002**********
